app/build/outputs/logs/manifest-merger-debug-report.txt
-- Merging decision tree log ---
manifest
ADDED from src/main/AndroidManifest.xml:3:1-72:12
	package
		ADDED from src/main/AndroidManifest.xml:5:5-36
		INJECTED from src/main/AndroidManifest.xml
		INJECTED from src/main/AndroidManifest.xml
	android:versionName
		ADDED from src/main/AndroidManifest.xml:7:5-32
		INJECTED from src/main/AndroidManifest.xml
		INJECTED from src/main/AndroidManifest.xml
	android:versionCode
		ADDED from src/main/AndroidManifest.xml:6:5-29
		INJECTED from src/main/AndroidManifest.xml
		INJECTED from src/main/AndroidManifest.xml
	xmlns:android
		ADDED from src/main/AndroidManifest.xml:4:5-63
	android:installLocation
		ADDED from src/main/AndroidManifest.xml:8:5-45
application
ADDED from src/main/AndroidManifest.xml:10:5-62:19
	android:label
		ADDED from src/main/AndroidManifest.xml:12:9-41
	android:icon
		ADDED from src/main/AndroidManifest.xml:11:9-43
activity#me.rahulanand.network.ActivityMain
ADDED from src/main/AndroidManifest.xml:15:9-23:20
	android:label
		ADDED from src/main/AndroidManifest.xml:17:13-45
	android:configChanges
		ADDED from src/main/AndroidManifest.xml:18:13-72
	android:name
		ADDED from src/main/AndroidManifest.xml:16:13-41
intent-filter#android.intent.action.MAIN+android.intent.category.LAUNCHER
ADDED from src/main/AndroidManifest.xml:19:13-22:29
action#android.intent.action.MAIN
ADDED from src/main/AndroidManifest.xml:20:17-69
	android:name
		ADDED from src/main/AndroidManifest.xml:20:25-66
category#android.intent.category.LAUNCHER
ADDED from src/main/AndroidManifest.xml:21:17-77
	android:name
		ADDED from src/main/AndroidManifest.xml:21:27-74
activity#me.rahulanand.network.ActivityDiscovery
ADDED from src/main/AndroidManifest.xml:25:9-28:75
	android:label
		ADDED from src/main/AndroidManifest.xml:27:13-45
	android:configChanges
		ADDED from src/main/AndroidManifest.xml:28:13-72
	android:name
		ADDED from src/main/AndroidManifest.xml:26:13-46
activity#me.rahulanand.network.ActivityPortscan
ADDED from src/main/AndroidManifest.xml:30:9-38:20
	android:label
		ADDED from src/main/AndroidManifest.xml:32:13-45
	android:configChanges
		ADDED from src/main/AndroidManifest.xml:33:13-60
	android:name
		ADDED from src/main/AndroidManifest.xml:31:13-45
intent-filter#.SCAN_HOST+android.intent.category.DEFAULT
ADDED from src/main/AndroidManifest.xml:34:13-37:29
action#.SCAN_HOST
ADDED from src/main/AndroidManifest.xml:35:17-53
	android:name
		ADDED from src/main/AndroidManifest.xml:35:25-50
category#android.intent.category.DEFAULT
ADDED from src/main/AndroidManifest.xml:36:17-76
	android:name
		ADDED from src/main/AndroidManifest.xml:36:27-73
activity#me.rahulanand.network.Utils.Prefs
ADDED from src/main/AndroidManifest.xml:40:9-48:20
	android:label
		ADDED from src/main/AndroidManifest.xml:42:13-45
	android:configChanges
		ADDED from src/main/AndroidManifest.xml:43:13-72
	android:name
		ADDED from src/main/AndroidManifest.xml:41:13-40
intent-filter#android.intent.category.DEFAULT+android.intent.category.PREFERENCE
ADDED from src/main/AndroidManifest.xml:44:13-47:29
category#android.intent.category.PREFERENCE
ADDED from src/main/AndroidManifest.xml:46:17-79
	android:name
		ADDED from src/main/AndroidManifest.xml:46:27-76
activity#me.rahulanand.network.Utils.Help
ADDED from src/main/AndroidManifest.xml:50:9-52:48
	android:label
		ADDED from src/main/AndroidManifest.xml:52:13-45
	android:name
		ADDED from src/main/AndroidManifest.xml:51:13-39
activity#me.rahulanand.network.BlockDevice
ADDED from src/main/AndroidManifest.xml:53:9-55:48
	android:label
		ADDED from src/main/AndroidManifest.xml:55:13-45
	android:name
		ADDED from src/main/AndroidManifest.xml:54:13-40
activity#me.rahulanand.network.BlockHelp
ADDED from src/main/AndroidManifest.xml:58:9-47
	android:name
		ADDED from src/main/AndroidManifest.xml:58:19-44
activity#me.rahulanand.network.ipTools
ADDED from src/main/AndroidManifest.xml:59:9-87
	android:windowSoftInputMode
		ADDED from src/main/AndroidManifest.xml:59:43-84
	android:name
		ADDED from src/main/AndroidManifest.xml:59:19-42
supports-screens
ADDED from src/main/AndroidManifest.xml:64:5-25
uses-sdk
ADDED from src/main/AndroidManifest.xml:66:5-72
MERGED from [pl.droidsonroids.gif:android-gif-drawable:1.2.8] AndroidManifest.xml:7:5-9:41
	android:targetSdkVersion
		ADDED from src/main/AndroidManifest.xml:66:41-69
		INJECTED from src/main/AndroidManifest.xml
		INJECTED from src/main/AndroidManifest.xml
	android:minSdkVersion
		ADDED from src/main/AndroidManifest.xml:66:15-40
		INJECTED from src/main/AndroidManifest.xml
		INJECTED from src/main/AndroidManifest.xml
uses-permission#android.permission.INTERNET
ADDED from src/main/AndroidManifest.xml:67:5-67
	android:name
		ADDED from src/main/AndroidManifest.xml:67:22-64
uses-permission#android.permission.ACCESS_NETWORK_STATE
ADDED from src/main/AndroidManifest.xml:68:5-79
	android:name
		ADDED from src/main/AndroidManifest.xml:68:22-76
uses-permission#android.permission.ACCESS_WIFI_STATE
ADDED from src/main/AndroidManifest.xml:69:5-76
	android:name
		ADDED from src/main/AndroidManifest.xml:69:22-73
uses-permission#android.permission.WRITE_EXTERNAL_STORAGE
ADDED from src/main/AndroidManifest.xml:70:5-81
	android:name
		ADDED from src/main/AndroidManifest.xml:70:22-78
uses-permission#android.permission.VIBRATE
ADDED from src/main/AndroidManifest.xml:71:5-66
	android:name
		ADDED from src/main/AndroidManifest.xml:71:22-63